make kernel.elf --dry-run --always-make --keep-going --print-directory
make: Entering directory '/home/lennonmclean/github/my-os'
nasm -g -f elf32 multiboot.asm
nasm -g -f elf32 new_gdt.asm
gcc -ffreestanding -g -m32 -Wall -c ata.c
gcc -ffreestanding -g -m32 -Wall -c gdt.c
gcc -ffreestanding -g -m32 -Wall -c interrupts.c
gcc -ffreestanding -g -m32 -Wall -c io.c
gcc -ffreestanding -g -m32 -Wall -c kernel.c
gcc -ffreestanding -g -m32 -Wall -c keyboard.c
gcc -ffreestanding -g -m32 -Wall -c mem.c
gcc -ffreestanding -g -m32 -Wall -c mouse.c
gcc -ffreestanding -g -m32 -Wall -c parallel.c
gcc -ffreestanding -g -m32 -Wall -c ps2.c
gcc -ffreestanding -g -m32 -Wall -c serial.c
gcc -ffreestanding -g -m32 -Wall -c serialmonitor.c
gcc -ffreestanding -g -m32 -Wall -c string.c
gcc -ffreestanding -g -m32 -Wall -c terminal.c
gcc -ffreestanding -g -m32 -Wall -c vga.c
ld multiboot.o new_gdt.o ata.o gdt.o interrupts.o io.o kernel.o keyboard.o mem.o mouse.o parallel.o ps2.o serial.o serialmonitor.o string.o terminal.o vga.o -melf_i386 -e kmain -Ttext 0x0 -o kernel.elf
make: Leaving directory '/home/lennonmclean/github/my-os'
 
